<?xml version="1.0" encoding="UTF-8"?>
<!-- Generated by org.testng.reporters.JUnitReportReporter -->
<testsuite hostname="PC-PC" name="org.test.gun.TestLogin1" tests="1" failures="0" timestamp="31 May 2018 03:41:49 GMT" time="0.009" errors="0">
  <testcase name="b" time="0.009" classname="org.test.gun.TestLogin1"/>
</testsuite> <!-- org.test.gun.TestLogin1 -->
