<?xml version="1.0" encoding="UTF-8"?>
<!-- Generated by org.testng.reporters.JUnitReportReporter -->
<testsuite hostname="PC-PC" name="org.test.gun.TestLogin" tests="1" failures="0" timestamp="31 May 2018 03:41:49 GMT" time="0.002" errors="0">
  <testcase name="a" time="0.002" classname="org.test.gun.TestLogin"/>
</testsuite> <!-- org.test.gun.TestLogin -->
